<?xml version="1.0" encoding="UTF-8"?>
<!-- Generated by org.testng.reporters.JUnitXMLReporter -->
<testsuite hostname="RSI1543" ignored="0" name="ProjetoLoja" tests="6" failures="0" timestamp="24 jan 2020 18:24:21 GMT" time="87.698" errors="0">
  <testcase name="cadastroValido" time="8.2" classname="br.com.rsinet.hub_tdd.automation.Register_TC"/>
  <testcase name="PesquisaProdutoValido" time="4.445" classname="br.com.rsinet.hub_tdd.automation.Search_TC"/>
  <testcase name="SearchByImageValid" time="5.88" classname="br.com.rsinet.hub_tdd.automation.SearchByImage_TC"/>
  <testcase name="cadastroComEmailInvalido" time="5.951" classname="br.com.rsinet.hub_tdd.automation.Register_TC"/>
  <testcase name="PesquisaProdutoInvalido" time="3.273" classname="br.com.rsinet.hub_tdd.automation.Search_TC"/>
  <testcase name="SearchByImageInvalid" time="5.359" classname="br.com.rsinet.hub_tdd.automation.SearchByImage_TC"/>
</testsuite> <!-- ProjetoLoja -->
