<?xml version="1.0" encoding="UTF-8"?>
<!-- Generated by org.testng.reporters.JUnitXMLReporter -->
<testsuite hostname="RSI1543" ignored="0" name="ProjetoLoja" tests="6" failures="0" timestamp="16 jan 2020 18:55:02 GMT" time="86.331" errors="0">
  <testcase name="cadastroValido" time="6.444" classname="br.com.rsinet.hub_tdd.automation.Register_TC"/>
  <testcase name="PesquisaProdutoInvalido" time="3.252" classname="br.com.rsinet.hub_tdd.automation.Search_TC"/>
  <testcase name="PesquisaProdutoValido" time="4.459" classname="br.com.rsinet.hub_tdd.automation.Search_TC"/>
  <testcase name="SearchByImageValid" time="5.319" classname="br.com.rsinet.hub_tdd.automation.SearchByImage_TC"/>
  <testcase name="cadastroComEmailInvalido" time="5.093" classname="br.com.rsinet.hub_tdd.automation.Register_TC"/>
  <testcase name="SearchByImageInvalid" time="4.851" classname="br.com.rsinet.hub_tdd.automation.SearchByImage_TC"/>
</testsuite> <!-- ProjetoLoja -->
