<?xml version="1.0" encoding="UTF-8"?>
<!-- Generated by org.testng.reporters.JUnitXMLReporter -->
<testsuite hostname="RSI1543" ignored="0" name="Default test" tests="2" failures="0" timestamp="16 jan 2020 18:52:27 GMT" time="27.7" errors="0">
  <testcase name="PesquisaProdutoInvalido" time="3.27" classname="br.com.rsinet.hub_tdd.automation.Search_TC"/>
  <testcase name="PesquisaProdutoValido" time="4.605" classname="br.com.rsinet.hub_tdd.automation.Search_TC"/>
</testsuite> <!-- Default test -->
