<?xml version="1.0" encoding="UTF-8"?>
<!-- Generated by org.testng.reporters.JUnitXMLReporter -->
<testsuite hostname="RSI1543" ignored="1" name="Default test" tests="1" failures="0" timestamp="17 jan 2020 13:45:35 GMT" time="14.984" errors="0">
  <testcase name="cadastroComEmailInvalido" time="4.812" classname="br.com.rsinet.hub_tdd.automation.Register_TC"/>
  <testcase name="cadastroValido" time="0.0" classname="br.com.rsinet.hub_tdd.automation.Register_TC">
    <ignored/>
  </testcase> <!-- cadastroValido -->
</testsuite> <!-- Default test -->
