<?xml version="1.0" encoding="UTF-8"?>
<testng-results skipped="0" failed="1" ignored="0" total="2" passed="1">
  <reporter-output>
    <line>
      <![CDATA[Aplicação Web Iniciada!]]>
    </line>
    <line>
      <![CDATA[Aplicação Web Iniciada!]]>
    </line>
    <line>
      <![CDATA[Erro ao cadastrar usuário]]>
    </line>
  </reporter-output>
  <suite name="Default suite" duration-ms="40916" started-at="2020-01-14T18:47:58Z" finished-at="2020-01-14T18:48:39Z">
    <groups>
    </groups>
    <test name="Default test" duration-ms="40916" started-at="2020-01-14T18:47:58Z" finished-at="2020-01-14T18:48:39Z">
      <class name="br.com.rsinet.hub_tdd.automation.Register_TC">
        <test-method status="PASS" signature="IniciarLoja()[pri:0, instance:br.com.rsinet.hub_tdd.automation.Register_TC@1bce4f0a]" name="IniciarLoja" is-config="true" duration-ms="11525" started-at="2020-01-14T18:47:58Z" finished-at="2020-01-14T18:48:10Z">
          <reporter-output>
          </reporter-output>
        </test-method> <!-- IniciarLoja -->
        <test-method status="FAIL" signature="cadastroValido()[pri:0, instance:br.com.rsinet.hub_tdd.automation.Register_TC@1bce4f0a]" name="cadastroValido" duration-ms="18749" started-at="2020-01-14T18:48:10Z" finished-at="2020-01-14T18:48:29Z">
          <exception class="org.openqa.selenium.TimeoutException">
            <message>
              <![CDATA[Expected condition failed: waiting for text ('pradov3') to be present in element [[ChromeDriver: chrome on WINDOWS (6ada440c1a667184669b50a952719290)] -> xpath: //*[@id="menuUserLink"]/span] (tried for 10 second(s) with 500 milliseconds interval)
Build info: version: '3.141.59', revision: 'e82be7d358', time: '2018-11-14T08:17:03'
System info: host: 'RSI1543', ip: '10.1.0.192', os.name: 'Windows 10', os.arch: 'amd64', os.version: '10.0', java.version: '1.8.0_231'
Driver info: org.openqa.selenium.chrome.ChromeDriver
Capabilities {acceptInsecureCerts: false, browserName: chrome, browserVersion: 79.0.3945.117, chrome: {chromedriverVersion: 79.0.3945.36 (3582db32b3389..., userDataDir: C:\Users\EMERSO~1.PRA\AppDa...}, goog:chromeOptions: {debuggerAddress: localhost:56628}, javascriptEnabled: true, networkConnectionEnabled: false, pageLoadStrategy: normal, platform: WINDOWS, platformName: WINDOWS, proxy: Proxy(), setWindowRect: true, strictFileInteractability: false, timeouts: {implicit: 0, pageLoad: 300000, script: 30000}, unhandledPromptBehavior: dismiss and notify}
Session ID: 6ada440c1a667184669b50a952719290]]>
            </message>
            <full-stacktrace>
              <![CDATA[org.openqa.selenium.TimeoutException: Expected condition failed: waiting for text ('pradov3') to be present in element [[ChromeDriver: chrome on WINDOWS (6ada440c1a667184669b50a952719290)] -> xpath: //*[@id="menuUserLink"]/span] (tried for 10 second(s) with 500 milliseconds interval)
Build info: version: '3.141.59', revision: 'e82be7d358', time: '2018-11-14T08:17:03'
System info: host: 'RSI1543', ip: '10.1.0.192', os.name: 'Windows 10', os.arch: 'amd64', os.version: '10.0', java.version: '1.8.0_231'
Driver info: org.openqa.selenium.chrome.ChromeDriver
Capabilities {acceptInsecureCerts: false, browserName: chrome, browserVersion: 79.0.3945.117, chrome: {chromedriverVersion: 79.0.3945.36 (3582db32b3389..., userDataDir: C:\Users\EMERSO~1.PRA\AppDa...}, goog:chromeOptions: {debuggerAddress: localhost:56628}, javascriptEnabled: true, networkConnectionEnabled: false, pageLoadStrategy: normal, platform: WINDOWS, platformName: WINDOWS, proxy: Proxy(), setWindowRect: true, strictFileInteractability: false, timeouts: {implicit: 0, pageLoad: 300000, script: 30000}, unhandledPromptBehavior: dismiss and notify}
Session ID: 6ada440c1a667184669b50a952719290
at org.openqa.selenium.support.ui.WebDriverWait.timeoutException(WebDriverWait.java:95)
at org.openqa.selenium.support.ui.FluentWait.until(FluentWait.java:272)
at br.com.rsinet.hub_tdd.appModules.Register_Action.ExecuteValid(Register_Action.java:59)
at br.com.rsinet.hub_tdd.automation.Register_TC.cadastroValido(Register_TC.java:39)
at sun.reflect.NativeMethodAccessorImpl.invoke0(Native Method)
at sun.reflect.NativeMethodAccessorImpl.invoke(NativeMethodAccessorImpl.java:62)
at sun.reflect.DelegatingMethodAccessorImpl.invoke(DelegatingMethodAccessorImpl.java:43)
at java.lang.reflect.Method.invoke(Method.java:498)
at org.testng.internal.MethodInvocationHelper.invokeMethod(MethodInvocationHelper.java:124)
at org.testng.internal.Invoker.invokeMethod(Invoker.java:583)
at org.testng.internal.Invoker.invokeTestMethod(Invoker.java:719)
at org.testng.internal.Invoker.invokeTestMethods(Invoker.java:989)
at org.testng.internal.TestMethodWorker.invokeTestMethods(TestMethodWorker.java:125)
at org.testng.internal.TestMethodWorker.run(TestMethodWorker.java:109)
at org.testng.TestRunner.privateRun(TestRunner.java:648)
at org.testng.TestRunner.run(TestRunner.java:505)
at org.testng.SuiteRunner.runTest(SuiteRunner.java:455)
at org.testng.SuiteRunner.runSequentially(SuiteRunner.java:450)
at org.testng.SuiteRunner.privateRun(SuiteRunner.java:415)
at org.testng.SuiteRunner.run(SuiteRunner.java:364)
at org.testng.SuiteRunnerWorker.runSuite(SuiteRunnerWorker.java:52)
at org.testng.SuiteRunnerWorker.run(SuiteRunnerWorker.java:84)
at org.testng.TestNG.runSuitesSequentially(TestNG.java:1208)
at org.testng.TestNG.runSuitesLocally(TestNG.java:1137)
at org.testng.TestNG.runSuites(TestNG.java:1049)
at org.testng.TestNG.run(TestNG.java:1017)
at org.testng.remote.AbstractRemoteTestNG.run(AbstractRemoteTestNG.java:115)
at org.testng.remote.RemoteTestNG.initAndRun(RemoteTestNG.java:251)
at org.testng.remote.RemoteTestNG.main(RemoteTestNG.java:77)
]]>
            </full-stacktrace>
          </exception> <!-- org.openqa.selenium.TimeoutException -->
          <reporter-output>
            <line>
              <![CDATA[Aplicação Web Iniciada!]]>
            </line>
          </reporter-output>
        </test-method> <!-- cadastroValido -->
        <test-method status="PASS" signature="cadastroComEmailInvalido()[pri:1, instance:br.com.rsinet.hub_tdd.automation.Register_TC@1bce4f0a]" name="cadastroComEmailInvalido" duration-ms="9922" started-at="2020-01-14T18:48:29Z" finished-at="2020-01-14T18:48:39Z">
          <reporter-output>
            <line>
              <![CDATA[Aplicação Web Iniciada!]]>
            </line>
            <line>
              <![CDATA[Erro ao cadastrar usuário]]>
            </line>
          </reporter-output>
        </test-method> <!-- cadastroComEmailInvalido -->
        <test-method status="PASS" signature="FecharNavegador()[pri:0, instance:br.com.rsinet.hub_tdd.automation.Register_TC@1bce4f0a]" name="FecharNavegador" is-config="true" duration-ms="671" started-at="2020-01-14T18:48:39Z" finished-at="2020-01-14T18:48:39Z">
          <reporter-output>
          </reporter-output>
        </test-method> <!-- FecharNavegador -->
      </class> <!-- br.com.rsinet.hub_tdd.automation.Register_TC -->
    </test> <!-- Default test -->
  </suite> <!-- Default suite -->
</testng-results>
